[2015-09-30 10:28:02] START
[2015-09-30 11:07:50] EDIT TestApplication/controllers/default.py: 0
[2015-09-30 11:09:07] EDIT TestApplication/controllers/default.py: 0
[2015-09-30 11:12:25] EDIT TestApplication/views/default/index.html: 0
[2015-09-30 11:12:49] EDIT TestApplication/views/default/index.html: 0
[2015-09-30 11:16:10] EDIT TestApplication/views/default/index.html: 2
[2015-09-30 11:17:28] EDIT TestApplication/views/default/index.html: 2
[2015-09-30 11:17:41] EDIT TestApplication/views/default/index.html: 0
[2015-09-30 11:19:36] EDIT TestApplication/views/default/index.html: 0
[2015-09-30 11:19:48] EDIT TestApplication/views/default/index.html: 0
[2015-09-30 11:19:56] EDIT TestApplication/views/default/index.html: 0
[2015-09-30 11:27:34] EDIT TestApplication/views/default/index.html: 0
[2015-09-30 11:29:11] EDIT TestApplication/controllers/default.py: 1
[2015-09-30 11:29:57] EDIT TestApplication/views/default/index.html: 0
[2015-09-30 11:32:20] EDIT TestApplication/views/default/index.html: -44
[2015-09-30 11:36:55] EDIT TestApplication/views/default/index.html: 1
[2015-09-30 11:44:15] EDIT TestApplication/views/default/index.html: -1
[2015-09-30 11:45:25] EDIT TestApplication/controllers/default.py: 4
[2015-09-30 11:46:05] EDIT TestApplication/views/default/index.html: 1
[2015-09-30 11:46:15] EDIT TestApplication/views/default/index.html: 0
[2015-09-30 11:46:50] EDIT TestApplication/controllers/default.py: 0
[2015-09-30 11:47:14] EDIT TestApplication/views/default/index.html: -2
[2015-09-30 11:52:06] CREATE default/first.html: 0
[2015-09-30 11:52:18] CREATE default/second.html: 0
[2015-09-30 11:52:34] EDIT TestApplication/views/default/first.html: 0
[2015-09-30 11:52:44] EDIT TestApplication/views/default/second.html: 0
[2015-09-30 11:54:26] EDIT TestApplication/controllers/default.py: 4
[2015-09-30 11:57:31] EDIT TestApplication/views/default/first.html: 0
[2015-09-30 11:59:21] EDIT TestApplication/views/default/first.html: 3
[2015-09-30 12:02:46] EDIT TestApplication/views/default/first.html: 0
[2015-09-30 12:14:14] EDIT TestApplication/views/default/first.html: 0
[2015-09-30 12:15:24] EDIT TestApplication/views/default/second.html: 2
[2015-09-30 12:15:54] EDIT TestApplication/views/default/first.html: 0
[2015-09-30 12:16:17] EDIT TestApplication/views/default/first.html: 0
[2015-09-30 14:50:01] EDIT TestApplication/controllers/default.py: 3
[2015-09-30 14:50:26] EDIT TestApplication/views/default/first.html: 0
[2015-09-30 14:50:38] EDIT TestApplication/views/default/second.html: 0
[2015-09-30 14:51:25] EDIT TestApplication/views/default/second.html: 0
[2015-09-30 14:57:37] EDIT TestApplication/controllers/default.py: 1
[2015-09-30 14:57:50] EDIT TestApplication/views/default/first.html: 0
[2015-09-30 15:00:16] EDIT TestApplication/controllers/default.py: 0
[2015-09-30 15:00:53] EDIT TestApplication/views/default/first.html: 0
